Reindex data with random indexing method
get prompt from ./prompt.txt
load training data
there are 1681 samples in Movietweetings_lab training data.
data constructed
there are 33620 prompts in Movietweetings_lab training data.
Reindex data with random indexing method
get prompt from ./prompt.txt
there are 64 samples in Movietweetings_lab validation data.
['seen', '0']
data constructed
there are 128 prompts in Movietweetings_lab validation data.
Reindex data with random indexing method
get prompt from ./prompt.txt
there are 64 samples in Movietweetings_lab test data.
['seen', '0']
data constructed
there are 128 prompts in Movietweetings_lab test data.
Reindex data with random indexing method
get prompt from ./prompt.txt
there are 64 samples in Movietweetings_lab test data.
['unseen', '0']
data constructed
there are 128 prompts in Movietweetings_lab test data.
Reindex data with sequential indexing method
get prompt from ./prompt.txt
load training data
there are 1681 samples in Movietweetings_lab training data.
data constructed
there are 33620 prompts in Movietweetings_lab training data.
Reindex data with sequential indexing method
get prompt from ./prompt.txt
there are 64 samples in Movietweetings_lab validation data.
['seen', '0']
data constructed
there are 128 prompts in Movietweetings_lab validation data.
Reindex data with sequential indexing method
get prompt from ./prompt.txt
there are 64 samples in Movietweetings_lab test data.
['seen', '0']
data constructed
there are 128 prompts in Movietweetings_lab test data.
Reindex data with sequential indexing method
get prompt from ./prompt.txt
there are 64 samples in Movietweetings_lab test data.
['unseen', '0']
data constructed
there are 128 prompts in Movietweetings_lab test data.
Reindex data with collaborative indexing method with token_size 100 and 10 cluster
get prompt from ./prompt.txt
load training data
there are 1681 samples in Movietweetings_lab training data.
data constructed
there are 33620 prompts in Movietweetings_lab training data.
Reindex data with collaborative indexing method with token_size 100 and 10 cluster
get prompt from ./prompt.txt
there are 64 samples in Movietweetings_lab validation data.
['seen', '0']
data constructed
there are 128 prompts in Movietweetings_lab validation data.
Reindex data with collaborative indexing method with token_size 100 and 10 cluster
get prompt from ./prompt.txt
there are 64 samples in Movietweetings_lab test data.
['seen', '0']
data constructed
there are 128 prompts in Movietweetings_lab test data.
Reindex data with collaborative indexing method with token_size 100 and 10 cluster
get prompt from ./prompt.txt
there are 64 samples in Movietweetings_lab test data.
['unseen', '0']
data constructed
there are 128 prompts in Movietweetings_lab test data.
