{'seed': 2023, 'model_dir': '../model', 'checkpoint_dir': '../checkpoint', 'model_name': 'model.pt', 'log_dir': '../log', 'distributed': 1, 'gpu': '2,3', 'master_addr': 'localhost', 'master_port': '1984', 'logging_level': 20, 'data_path': '../data', 'item_indexing': 'sequential', 'tasks': 'sequential,straightforward', 'datasets': 'Movietweetings', 'prompt_file': '../prompt.txt', 'sequential_order': 'original', 'collaborative_token_size': 200, 'collaborative_cluster': 20, 'collaborative_last_token': 'sequential', 'collaborative_float32': 0, 'max_his': 20, 'his_prefix': 1, 'his_sep': ' , ', 'skip_empty_his': 1, 'valid_prompt': 'seen:0', 'valid_prompt_sample': 1, 'valid_sample_num': '3,3', 'test_prompt': 'seen:0', 'sample_prompt': 1, 'sample_num': '3,3', 'batch_size': 128, 'eval_batch_size': 20, 'dist_sampler': 0, 'optim': 'AdamW', 'epochs': 10, 'lr': 0.001, 'clip': 1, 'logging_step': 100, 'warmup_prop': 0.05, 'gradient_accumulation_steps': 1, 'weight_decay': 0.01, 'adam_eps': 1e-06, 'dropout': 0.1, 'alpha': 2, 'train': 1, 'backbone': 't5-small', 'metrics': 'hit@5,hit@10,ndcg@5,ndcg@10', 'load': 0, 'random_initialize': 1, 'test_epoch': 0, 'valid_select': 0, 'test_before_train': 0, 'test_filtered': 0, 'test_filtered_batch': 1, 'world_size': 2, 'rank': 0, 'log_name': '1_1_1_1_20_1984_Movietweetings_sequential,straightforward_t5-small_sequential_0.001_10_128_3,3_prompt', 'model_path': '../model/Movietweetings/1_1_1_1_20_1984_Movietweetings_sequential,straightforward_t5-small_sequential_0.001_10_128_3,3_prompt.pt'}
Generating data for Movietweetings dataset
Get prompt template from ../prompt.txt
Considering {dataset} user_{user_id} has interacted with {dataset} items {history} . What is the next recommendation for the user ?
Required info: ['user_id', 'dataset', 'target', 'history']
Reindex data with sequential indexing method
loading training data
Getting prompt information
Input: Here is the purchase history of Movietweetings user_1 : Movietweetings item item_1015 , item_1016 , item_1017 , item_1018 , item_1019 , item_1020 , item_1021 , item_1022 , item_1023 , item_1024 , item_1025 , item_1026 , item_1027 , item_1028 , item_1029 , item_1030 , item_1031 , item_1032 , item_1033 , item_1034 . I wonder what is the next recommended item for the user . , Output: Movietweetings item_1035 
Use t5-small backbone model
Random initialize number related tokens
Building Optimizer and Scheduler
Batch per epoch: 17170
Total steps: 171700
Warmup proportion: 0.05
Warm up steps: 8585
Building Optimizer AdamW
Start training
Start training for epoch 1
Input: Can you recommend the next item for Movietweetings user_1 , given the user 's purchase of Movietweetings items item_1015 , item_1016 , item_1017 , item_1018 , item_1019 , item_1020 , item_1021 , item_1022 , item_1023 , item_1024 , item_1025 , item_1026 , item_1027 , item_1028 , item_1029 , item_1030 , item_1031 , item_1032 , item_1033 , item_1034 ? , Output: Movietweetings item_1035 
The average training loss for epoch 1 is 0.8444563746452332
Start training for epoch 2
Input: Here is the purchase history of Movietweetings user_1 : Movietweetings item item_1015 , item_1016 , item_1017 , item_1018 , item_1019 , item_1020 , item_1021 , item_1022 , item_1023 , item_1024 , item_1025 , item_1026 , item_1027 , item_1028 , item_1029 , item_1030 , item_1031 , item_1032 , item_1033 , item_1034 . I wonder what is the next recommended item for the user . , Output: Movietweetings item_1035 
The average training loss for epoch 2 is 0.6973804831504822
Start training for epoch 3
Input: Here is the purchase history of Movietweetings user_1 : Movietweetings item item_1015 , item_1016 , item_1017 , item_1018 , item_1019 , item_1020 , item_1021 , item_1022 , item_1023 , item_1024 , item_1025 , item_1026 , item_1027 , item_1028 , item_1029 , item_1030 , item_1031 , item_1032 , item_1033 , item_1034 . I wonder what is the next recommended item for the user . , Output: Movietweetings item_1035 
The average training loss for epoch 3 is 0.6819835305213928
Start training for epoch 4
Input: The Movietweetings user_1 has bought items : Movietweetings items item_1015 , item_1016 , item_1017 , item_1018 , item_1019 , item_1020 , item_1021 , item_1022 , item_1023 , item_1024 , item_1025 , item_1026 , item_1027 , item_1028 , item_1029 , item_1030 , item_1031 , item_1032 , item_1033 , item_1034 , What else do you think is necessary for the user ? , Output: Movietweetings item_1035 
The average training loss for epoch 4 is 0.6708922386169434
Start training for epoch 5
Input: According to what items Movietweetings user_1 has purchased : Movietweetings items item_1015 , item_1016 , item_1017 , item_1018 , item_1019 , item_1020 , item_1021 , item_1022 , item_1023 , item_1024 , item_1025 , item_1026 , item_1027 , item_1028 , item_1029 , item_1030 , item_1031 , item_1032 , item_1033 , item_1034 , Can you recommend another item to the user ? , Output: Movietweetings item_1035 
The average training loss for epoch 5 is 0.661660373210907
Start training for epoch 6
Input: Can you recommend the next item for Movietweetings user_1 , given the user 's purchase of Movietweetings items item_1015 , item_1016 , item_1017 , item_1018 , item_1019 , item_1020 , item_1021 , item_1022 , item_1023 , item_1024 , item_1025 , item_1026 , item_1027 , item_1028 , item_1029 , item_1030 , item_1031 , item_1032 , item_1033 , item_1034 ? , Output: Movietweetings item_1035 
The average training loss for epoch 6 is 0.6537613868713379
Start training for epoch 7
Input: Can you recommend the next item for Movietweetings user_1 , given the user 's purchase of Movietweetings items item_1015 , item_1016 , item_1017 , item_1018 , item_1019 , item_1020 , item_1021 , item_1022 , item_1023 , item_1024 , item_1025 , item_1026 , item_1027 , item_1028 , item_1029 , item_1030 , item_1031 , item_1032 , item_1033 , item_1034 ? , Output: Movietweetings item_1035 
The average training loss for epoch 7 is 0.6465576887130737
Start training for epoch 8
Input: I find the purchase list of Movietweetings user_1 : Movietweetings items item_1015 , item_1016 , item_1017 , item_1018 , item_1019 , item_1020 , item_1021 , item_1022 , item_1023 , item_1024 , item_1025 , item_1026 , item_1027 , item_1028 , item_1029 , item_1030 , item_1031 , item_1032 , item_1033 , item_1034 , I wonder what other itmes does the user need . Can you help me decide ? , Output: Movietweetings item_1035 
The average training loss for epoch 8 is 0.6397013068199158
Start training for epoch 9
Input: I find the purchase list of Movietweetings user_1 : Movietweetings items item_1015 , item_1016 , item_1017 , item_1018 , item_1019 , item_1020 , item_1021 , item_1022 , item_1023 , item_1024 , item_1025 , item_1026 , item_1027 , item_1028 , item_1029 , item_1030 , item_1031 , item_1032 , item_1033 , item_1034 , I wonder what other itmes does the user need . Can you help me decide ? , Output: Movietweetings item_1035 
The average training loss for epoch 9 is 0.6332663893699646
Start training for epoch 10
Input: The Movietweetings user_1 has bought items : Movietweetings items item_1015 , item_1016 , item_1017 , item_1018 , item_1019 , item_1020 , item_1021 , item_1022 , item_1023 , item_1024 , item_1025 , item_1026 , item_1027 , item_1028 , item_1029 , item_1030 , item_1031 , item_1032 , item_1033 , item_1034 , What else do you think is necessary for the user ? , Output: Movietweetings item_1035 
The average training loss for epoch 10 is 0.6280382871627808
Save the current model to ../model/Movietweetings/1_1_1_1_20_1984_Movietweetings_sequential,straightforward_t5-small_sequential_0.001_10_128_3,3_prompt.pt
Load model from ../model/Movietweetings/1_1_1_1_20_1984_Movietweetings_sequential,straightforward_t5-small_sequential_0.001_10_128_3,3_prompt.pt
testing Movietweetings dataset on sequential task
hit@5: 0.15131073349842028
hit@10: 0.21368798565451286
ndcg@5: 0.10588595234138058
ndcg@10: 0.1260050996195966
testing Movietweetings dataset on straightforward task
hit@5: 0.03240543079156349
hit@10: 0.05827854154213987
ndcg@5: 0.01975375606167123
ndcg@10: 0.02797881473217838
